accuracy	time_pred	time_learn	time_learn2	time_learn4	alpha	acc_mcmc_this	acc_mcmc_all	acc_mcmc_all_but5	ll_mcmc_this	ll_mcmc_all	ll_mcmc_all_but5	wmu[0]	wlambda[0]	vmu[0,0]	vlambda[0,0]	vmu[0,1]	vlambda[0,1]	vmu[0,2]	vlambda[0,2]	vmu[0,3]	vlambda[0,3]	vmu[0,4]	vlambda[0,4]	vmu[0,5]	vlambda[0,5]	vmu[0,6]	vlambda[0,6]	vmu[0,7]	vlambda[0,7]
0.830437	nan	0.016	0.016812	0	0.97152	0.830437	0.830437	0.759465	0.42021	0.42021	8.30778	-0.000367177	132.762	0.00341586	156.895	0.00425776	113.779	0.0029238	148.811	-0.000975226	125.48	0.000762201	140.08	-0.00404258	126.834	2.87682e-05	117.076	0.00355822	118.255
0.831794	nan	0.02	0.017361	0	1.02595	0.828175	0.831794	0.759465	0.395312	0.403341	8.30778	-0.0100968	37.9575	0.00439227	89.121	-0.0127172	70.4411	0.0112739	68.1571	-0.00265322	48.6204	0.0194356	81.4638	-0.00862696	72.4359	-0.0333776	69.7836	0.00311293	64.7821
0.83735	nan	0.016	0.016983	0	1.01733	0.833603	0.83735	0.759465	0.375815	0.389594	8.30778	-0.0237132	30.3335	0.0128986	59.3783	-0.00778068	55.2313	0.0200722	41.2512	-0.0181367	45.3297	0.00277535	51.1565	-0.0316136	52.8122	-0.0237499	48.2687	0.00578473	45.1361
0.838319	nan	0.016	0.016776	0	1.06082	0.832956	0.838319	0.759465	0.36849	0.378693	8.30778	-0.00544111	23.6395	0.00296224	39.5103	0.00135168	44.808	0.0274098	31.8267	0.0032133	35.1634	0.0174188	36.7355	-0.0517761	22.8548	-0.00584755	35.2155	-0.0205914	53.3635
0.839062	nan	0.016	0.016629	0	1.06704	0.828757	0.839062	0	0.367797	0.371414	-nan	0.00306863	17.7264	-0.0230339	31.3615	0.00841088	35.9512	0.0173931	32.2502	0.0300121	40.1731	0.0280832	42.1533	-0.00453873	25.6527	0.0357823	27.431	0.0159162	27.691
0.840354	nan	0.016	0.016907	0	0.979688	0.829984	0.840354	0.829984	0.371132	0.3657	0.371132	0.00340387	19.4041	0.0115022	24.4658	0.00512757	27.2974	-0.00267539	27.9554	-0.0270272	23.0806	0.032862	39.8176	-0.0193367	34.3675	0.0568134	33.3752	-0.0109865	17.792
0.840871	nan	0.016	0.016646	0	1.00513	0.831503	0.840871	0.83441	0.371037	0.361778	0.360435	0.0181145	15.3768	0.0153413	18.8986	-0.0174182	35.7773	-0.00393771	23.0378	-0.0255031	26.7294	0.0162108	34.4229	-0.000885809	33.0871	0.030532	28.4919	0.0218495	20.9419
0.841065	nan	0.016	0.016701	0	1.04409	0.830404	0.841065	0.835638	0.373554	0.35898	0.356804	0.00242654	13.1966	0.0211977	20.5648	0.00710766	25.4253	0.000678033	20.9291	-0.0263723	25.3654	-0.00674346	26.7508	-0.0133445	28.3164	0.015555	31.2102	-0.0245146	19.1536
0.840839	nan	0.016	0.016672	0	1.02378	0.826205	0.840839	0.83693	0.377452	0.357018	0.354245	0.00875809	10.9432	0.0526635	16.1065	0.0229184	19.7209	-0.00183753	16.4412	-0.00167379	23.9838	0.0541055	23.7153	0.0225904	24.5786	0.0171565	28.1757	0.014242	18.6554
0.841614	nan	0.016	0.016628	0	1.00087	0.826883	0.841614	0.836574	0.380708	0.355257	0.352889	-0.0342639	14.3119	0.00829384	14.1379	0.0259708	23.461	-0.00923508	19.4924	0.00990286	29.3786	0.0273943	21.9785	0.0148748	21.0153	0.0240818	19.7438	0.0140426	26.2318
0.841323	nan	0.016	0.016654	0	0.929351	0.823524	0.841323	0.837253	0.387695	0.35401	0.352236	-0.0221351	12.9438	0.0356696	13.0722	0.0379391	19.666	0.0339707	18.9212	-0.00387989	27.7186	0.0285571	21.4324	0.0227474	15.8262	0.00963457	19.6964	0.0180925	21.7172
0.840968	nan	0.016	0.016638	0	1.06884	0.825947	0.840968	0.837124	0.385842	0.352811	0.351232	0.00927836	10.9432	-0.0360258	18.2316	0.0764411	21.9038	0.0163243	13.217	-0.00398832	27.9696	0.0440749	18.6262	0.0603375	16.9924	-0.0275543	13.4113	0.00733042	20.9202
0.841388	nan	0.02	0.016602	1	1.0158	0.82375	0.841388	0.83848	0.384879	0.351578	0.349915	0.011068	9.4895	-0.0335503	14.1853	0.0601288	23.9061	-0.0230389	15.8914	0.00710361	24.6236	0.0360994	18.3512	0.0601086	16.6747	-0.0244203	15.1402	-0.0569184	18.9272
0.841517	nan	0.016	0.016613	0	0.998423	0.827142	0.841517	0.838416	0.388354	0.350422	0.348837	-0.0223646	8.39469	-0.0337893	16.3013	0.0942624	26.76	0.0123656	17.484	0.00608298	23.8427	0.0353759	20.0577	-0.00149198	13.7436	0.00396959	15.7166	-0.04105	14.2011
0.841937	nan	0.016	0.016747	0	0.977077	0.829048	0.841937	0.839223	0.393799	0.349539	0.348322	0.0109716	7.04445	-0.02591	16.92	0.046292	18.4043	-0.00840597	17.5185	0.0287879	25.9185	0.0207485	17.6505	0.0255662	10.909	0.0338171	23.1133	-0.0369909	16.4865
0.842518	nan	0.02	0.016851	0	0.968985	0.824816	0.842518	0.839546	0.401434	0.349018	0.348193	0.056065	7.56696	-0.0831796	14.6679	0.0120017	18.1242	-0.0237491	18.5968	0.0213616	26.6507	0.0339184	19.7775	0.0348621	12.8141	0.0504184	19.475	-0.0518142	17.5498
0.842131	nan	0.016	0.016858	0	0.973864	0.821424	0.842131	0.839676	0.40412	0.348649	0.348167	-0.01291	5.67438	-0.0604437	17.5607	0.0208844	12.6995	-0.054136	18.0853	0.0491646	29.6412	0.00459162	17.1289	0.0531683	10.2164	0.0211805	20.6067	-0.0587721	16.1317
0.842357	nan	0.016	0.016955	0	1.03376	0.822716	0.842357	0.840645	0.397018	0.348367	0.348017	0.021657	8.33619	-0.0349793	17.257	0.0052239	14.1291	-0.0348685	15.5374	0.0498237	22.2565	-0.00318404	16.9643	0.0654543	12.1752	-0.00422805	17.1655	-0.0599546	14.7442
0.842486	nan	0.02	0.017116	0	0.964901	0.821844	0.842486	0.840225	0.401231	0.347808	0.347429	-0.0382074	9.57197	-0.044448	15.1154	0.00772245	16.6927	0.0376061	13.3464	0.0614339	22.4901	0.0151689	15.7809	0.0429236	15.3951	-0.0142723	19.0396	-0.0598629	16.2543
0.842874	nan	0.016	0.017148	0	0.983434	0.822296	0.842874	0.840774	0.400756	0.347307	0.346948	-0.0133104	8.32358	-0.10104	11.3156	-0.00263682	16.6717	-0.0120557	9.86152	0.0193174	15.2556	0.0159676	17.7079	-0.00421969	14.659	-0.0648327	20.7822	-0.0110629	16.9531
0.84268	nan	0.016	0.016916	0	0.961683	0.826366	0.84268	0.840968	0.389377	0.346636	0.346213	-0.024581	8.56506	-0.0750363	11.4435	-0.0178128	17.3043	-0.0126136	11.6123	0.0238633	18.8701	-0.00955579	25.9709	0.0406972	15.2821	-0.0202623	18.0198	-0.00609891	15.0806
0.84226	nan	0.02	0.016812	0	1.00911	0.826786	0.84226	0.840548	0.391603	0.346102	0.345716	-0.00702335	6.67028	-0.0499079	11.0047	0.0134231	16.4225	0.0527586	12.7576	0.0314797	18.607	-0.00492971	22.4293	0.0323661	11.2028	-0.0139108	20.942	0.0193933	13.8313
0.842228	nan	0.016	0.016812	0	0.936118	0.825656	0.842228	0.840548	0.401484	0.345516	0.345091	-0.0163831	7.09772	-0.0122351	13.8814	0.0346765	16.0287	0.0670722	15.3282	0.0677531	20.1452	-0.00567214	18.5811	-0.0183411	11.472	-0.00743936	21.0474	0.0279603	17.9313
0.841969	nan	0.016	0.016832	0	1.01991	0.828886	0.841969	0.840774	0.395382	0.344921	0.344476	-0.037921	7.41786	-0.0821002	12.4797	0.0141757	13.8781	0.0524821	13.3469	0.0493696	18.4678	-0.0297438	17.6726	-0.0248298	13.2246	0.0339015	16.6674	0.00545776	14.2541
0.842938	nan	0.016	0.01681	0	0.954231	0.822296	0.842938	0.840742	0.411209	0.34447	0.344055	0.0292808	6.89094	-0.0761214	11.6536	0.0332188	14.7063	0.0330892	10.0079	0.0338096	16.8144	-0.0235859	14.3494	0.00824058	18.1707	-0.012126	17.3713	0.00940641	16.6059
0.843423	nan	0.016	0.016869	0	0.922843	0.824041	0.843423	0.841032	0.415138	0.344104	0.34381	0.00953556	8.37361	-0.0612959	10.7534	0.0250293	13.0335	-0.020902	8.37151	0.00923043	18.1025	-0.0321103	17.5076	-0.0153845	19.7307	-0.0486345	18.2829	-0.0484141	14.9721
0.842777	nan	0.016	0.016893	0	0.970368	0.81997	0.842777	0.841291	0.421154	0.344006	0.343862	-0.00268733	7.9923	-0.047104	9.26629	-0.00381749	16.535	-0.026128	7.86884	0.0598807	14.027	-0.00334279	17.7196	-0.0143212	17.0015	-0.0166219	17.4686	-0.0805309	22.9308
0.842648	nan	0.016	0.016864	0	1.04299	0.819583	0.842648	0.841711	0.426084	0.343908	0.343888	0.000137375	9.40418	-0.11078	9.61371	0.0385532	13.1887	0.0596222	6.53233	0.0155985	11.8793	-0.0022325	16.7523	-0.00387566	16.6854	-0.0256232	11.4385	-0.0647969	19.9008
0.842583	nan	0.016	0.016842	0	0.926881	0.814511	0.842583	0.841582	0.434951	0.343879	0.343979	0.0165057	9.06027	-0.0315659	7.59321	-0.0166849	14.1999	-0.0165871	5.86401	0.0163366	14.6769	0.0031921	12.8014	0.0317174	15.6309	-0.01698	14.1954	-0.0266737	19.8178
0.841937	nan	0.02	0.016938	0	0.980609	0.818452	0.841937	0.841355	0.426121	0.34372	0.343909	0.0265972	7.37074	0.00449649	5.16419	-0.0366461	11.1079	-0.0507643	7.67848	0.0131788	15.8735	-0.0165409	16.3541	0.0108317	14.0478	-0.0541509	14.0515	-0.00473322	26.0755
0.841969	nan	0.016	0.016937	0	1.00258	0.81225	0.841969	0.840871	0.430759	0.343662	0.343895	0.0477694	7.9182	-0.0194527	6.0107	-0.0516509	12.9567	-0.0252943	6.4443	-0.00347492	14.699	-0.111761	18.2651	0.0060683	12.5549	-0.0615744	12.8379	-0.0144414	22.0805
0.841937	nan	0.016	0.016742	0	1.02177	0.809472	0.841937	0.841	0.431351	0.343634	0.343886	0.0254876	6.42455	-0.0474511	9.24736	-0.0327114	9.66384	-0.100688	8.16055	0.0118696	15.4563	-0.0680984	13.8629	0.0530222	13.1801	-0.0479001	17.5576	0.0267244	20.8941
0.841743	nan	0.02	0.016734	0	0.957308	0.80763	0.841743	0.840774	0.431507	0.343795	0.344162	-0.0188624	5.87058	-0.1004	8.41168	0.00767677	12.6534	-0.101875	7.04607	0.0808016	14.0545	-0.00947511	17.1663	0.0124057	13.5039	-0.0556617	19.944	0.0367142	19.6964
0.841872	nan	0.016	0.016662	0	0.989378	0.817547	0.841872	0.840386	0.433526	0.343832	0.34426	-0.0143212	8.00905	-0.123355	8.82104	0.0327407	12.8533	-0.0347761	7.30712	0.0880627	12.7271	-0.00880649	14.6049	0.0433836	13.6504	-0.0427229	18.9892	0.0248773	20.6271
0.842163	nan	0.016	0.016725	0	1.08877	0.815092	0.842163	0.840709	0.440659	0.343826	0.344263	-0.151222	7.93695	-0.0161993	8.7169	-0.00221513	15.0515	0.0365281	6.72249	0.0902148	14.6404	-0.0506715	11.1541	0.0447909	15.1756	-0.0568821	16.0034	0.035568	16.477
0.841582	nan	0.02	0.016585	0	1.04153	0.821553	0.841582	0.840742	0.440493	0.343747	0.344241	-0.108697	7.17272	-0.0542213	7.36304	0.0294871	14.3017	-0.0235603	8.71067	0.0862538	19.2274	-0.0575786	9.81811	0.0141037	14.1384	-0.0287077	12.6123	-0.00103637	18.7265
0.842002	nan	0.016	0.01655	0	0.980043	0.822102	0.842002	0.84058	0.438402	0.343671	0.344227	-0.0331631	5.5102	-0.0606348	6.16671	-0.0186845	19.9461	-0.0557717	9.45072	0.0723779	19.1398	-0.0549952	14.2818	-0.0307399	17.8562	-0.0177501	15.5563	0.0160836	14.2644
0.842098	nan	0.016	0.016591	0	0.987163	0.821166	0.842098	0.840774	0.430648	0.34361	0.344229	-0.0455224	6.95405	-0.0332429	6.11105	-0.0173031	16.9292	-0.0452189	9.18024	0.0771916	14.8826	-0.0398298	12.3205	0.000553845	10.9811	-0.0506458	13.9351	-0.015007	18.1262
0.842583	nan	0.02	0.016703	0	0.98877	0.824041	0.842583	0.841194	0.441204	0.343511	0.344205	-0.0278642	6.40971	-0.0613479	9.29262	0.0295087	17.1213	-0.0344309	8.8141	0.0495706	16.3673	-0.0184685	9.95258	0.0275071	11.8802	-0.00890781	12.4485	-0.00329394	17.8101
0.842583	nan	0.016	0.016637	0	1.09193	0.817031	0.842583	0.841259	0.451873	0.343559	0.344348	-0.0128624	7.14387	-0.0617632	6.73594	0.0169666	17.0449	0.0205219	7.9763	0.0474538	17.2046	-0.0256105	13.8389	0.0341286	12.352	-0.052308	12.7394	0.0305223	14.6031
0.842034	nan	0.016	0.016713	0	0.977026	0.813703	0.842034	0.841032	0.470345	0.343732	0.344622	-0.0167658	7.59153	-0.0668785	8.21892	0.0116385	16.5251	0.00983421	8.93119	0.0562073	21.1476	-0.0725406	13.244	0.0451691	13.4609	-0.028805	14.631	0.00796342	16.7417
0.842002	nan	0.02	0.016648	0	0.996304	0.81422	0.842002	0.840839	0.479099	0.343899	0.344919	0.0218108	9.02241	-0.00106965	7.42538	-0.00142853	18.7625	-0.0312291	7.49695	0.0364495	21.7412	-0.0465254	11.6028	0.0100342	12.4686	-0.0950058	10.5625	0.0307497	17.9645
0.842066	nan	0.016	0.016624	0	0.973194	0.813251	0.842066	0.840612	0.47119	0.344096	0.345202	-0.0290296	8.10762	0.0249429	7.28582	-0.0361906	15.3838	-0.0430306	10.0421	0.0457545	20.4864	-0.0683607	10.7743	-0.0243479	11.0855	-0.037306	12.1809	0.001174	17.8894
0.841614	nan	0.016	0.016719	0	0.966466	0.811377	0.841614	0.840871	0.458076	0.344135	0.345276	0.0159075	5.58848	-0.0368682	7.39238	-0.00965485	10.8865	-0.0313923	7.42162	0.0320912	20.7232	-0.0324749	13.0189	0.043859	9.76259	-0.00554612	10.5475	0.0210953	14.9415
0.841743	nan	0.02	0.016604	0	1.07572	0.810667	0.841743	0.840968	0.475601	0.344265	0.345455	0.00717355	7.71032	0.0444054	7.25779	0.0189466	12.9347	-0.0398272	6.902	0.110088	17.1793	-0.0530495	11.8341	-0.0175587	11.0928	-0.0219822	9.53282	0.0499893	10.6841
0.841388	nan	0.016	0.016769	1	0.951694	0.815448	0.841388	0.840645	0.473274	0.34437	0.345615	-0.0534666	7.57959	-0.049442	8.84382	-0.00454565	10.3303	-0.0209749	7.12106	0.145325	15.9244	0.00439764	10.6478	0.000119448	11.8693	-0.073167	10.8969	-0.00515138	12.5637
0.841194	nan	0.016	0.016839	0	0.899474	0.810602	0.841194	0.840257	0.46183	0.34434	0.34562	0.00354663	8.17864	-0.0328446	7.97755	0.0556784	9.85575	-0.0416831	6.96326	0.0614458	14.3654	-0.00940173	13.0191	0.0512053	9.77077	-0.0402658	9.86854	-0.0029512	12.5564
0.84142	nan	0.016	0.016897	0	1.01505	0.816675	0.84142	0.839966	0.460104	0.344267	0.345562	-0.031074	8.54715	-0.0534911	7.60069	0.000654516	9.83237	-0.0515065	8.43111	0.0748114	16.3679	-0.0103261	14.2521	-0.0328136	9.17211	-0.0398184	7.75774	0.0873232	13.8891
0.841032	nan	0.016	0.01707	0	0.998273	0.813929	0.841032	0.839643	0.464078	0.344259	0.345571	-0.028519	9.92194	-0.0495229	9.62762	-0.0245607	11.8188	-0.139203	6.37163	0.07973	15.7075	0.0312507	13.0948	0.0448217	8.50817	-0.0701425	8.24371	0.076951	16.2217
0.840839	nan	0.016	0.017082	0	0.920273	0.821779	0.840839	0.839902	0.442309	0.344197	0.34552	-0.0767013	7.48892	0.00434922	10.7172	-0.0440684	11.8743	-0.0883662	6.5662	0.0643617	13.8261	0.00731251	11.0822	0.00566323	8.07446	-0.0227481	10.155	0.0348815	18.1276
0.840871	nan	0.016	0.016825	0	0.984247	0.816708	0.840871	0.839966	0.457726	0.344202	0.345546	-0.0952833	9.47023	-0.0309336	12.1104	-0.0186423	14.97	-0.0821076	9.07911	0.104783	15.8641	-0.0130054	15.7439	0.0446034	7.02494	0.0112843	10.6912	0.0981285	26.4306
0.841097	nan	0.016	0.016849	0	0.926271	0.816869	0.841097	0.84016	0.455127	0.344235	0.345598	-0.0791969	9.35948	-0.0115546	12.4122	-0.000710935	17.6489	-0.0654898	8.26664	0.113101	18.8974	-0.0616526	15.3051	0.0650381	6.38298	0.0587488	12.5592	0.0736739	19.3986
0.841097	nan	0.016	0.016871	0	1.08692	0.818904	0.841097	0.840128	0.446583	0.344256	0.345655	-0.0636604	9.55211	-0.015128	12.8287	-0.00669728	14.0376	-0.0404609	7.80165	0.0738154	14.0931	-0.00725728	14.5176	0.0917863	6.91977	0.0203431	12.8951	0.0183625	21.9636
0.84058	nan	0.016	0.016878	0	0.969082	0.815997	0.84058	0.839869	0.453442	0.344277	0.345702	-0.0513942	7.1658	-0.0536952	12.4701	0.00163469	10.9799	-0.0274497	7.96199	0.0826834	10.4092	-0.0552793	12.4098	0.0182614	7.8833	0.0195401	21.364	0.00778788	17.7713
0.841226	nan	0.016	0.016855	0	0.991779	0.81716	0.841226	0.840128	0.448735	0.344381	0.345834	-0.0602202	8.08129	-0.0906605	9.66637	-0.049925	10.6183	-0.0301157	10.9456	0.0578174	11.6003	-0.029319	12.4629	0.111656	8.32421	0.00843752	19.3828	-0.0435534	16.5702
0.840806	nan	0.02	0.0169	0	1.01953	0.81183	0.840806	0.840096	0.455329	0.344453	0.345906	-0.0698368	8.64507	0.0205124	10.6607	-0.0368585	10.6741	0.0372426	11.1022	0.0481035	12.3519	-0.0262146	15.7296	0.0521337	9.23319	-0.0190623	19.9944	-0.0134532	14.4738
0.840871	nan	0.016	0.016835	0	0.960853	0.811313	0.840871	0.840128	0.453387	0.344456	0.345875	-0.0503031	8.33286	-0.0328773	13.0975	-0.0171151	10.1818	-0.0644729	10.2261	0.0461926	13.9949	-0.00437836	14.7464	0.0973654	10.8811	-0.00132247	21.8953	-0.0320986	14.1495
0.840612	nan	0.016	0.016782	0	1.07223	0.812573	0.840612	0.840193	0.442755	0.344479	0.345888	-0.00832389	8.50598	-0.0459315	14.2015	-0.0263068	13.2299	-0.0699869	9.59497	0.0645828	14.3867	-0.0121625	15.5516	0.0567582	13.1937	-0.00995268	18.6206	-0.0413574	12.5767
0.840903	nan	0.02	0.01686	0	1.09039	0.815092	0.840903	0.839934	0.437079	0.344414	0.345775	-0.022527	7.64244	-0.0229125	12.3656	0.00883639	11.4874	-0.00617741	12.2226	0.0559558	15.3682	-0.0350188	17.1277	0.0906252	10.6467	0.0160881	16.6047	-0.0641068	10.8456
0.840903	nan	0.016	0.016829	0	1.01051	0.819486	0.840903	0.839805	0.430604	0.344309	0.34562	-0.0223652	8.40378	0.0337273	13.6904	-0.0707611	10.7218	0.00333603	10.8146	0.1554	13.1388	-0.0713068	14.9753	0.122011	9.83257	0.00784002	21.5482	-0.0500287	14.5142
0.840612	nan	0.016	0.016778	0	0.968308	0.82123	0.840612	0.839869	0.431632	0.344229	0.345518	-0.00994393	10.26	-0.00203325	10.3028	-0.0664103	7.58953	-0.0254626	11.7557	0.145002	11.8457	-0.0829017	15.3463	0.0976843	14.2352	0.0385305	18.218	-0.0145681	12.4622
0.840742	nan	0.016	0.016749	0	1.00444	0.818387	0.840742	0.83974	0.448531	0.344168	0.345428	-0.0265203	9.70059	-0.0622925	9.97533	-0.100475	7.66047	-0.0696262	8.61609	0.136155	10.6569	-0.0594062	11.2535	0.118503	12.4172	0.0383338	14.9033	-0.00771043	13.0813
0.840742	nan	0.016	0.016707	0	1.01065	0.818064	0.840742	0.839902	0.433169	0.344074	0.345302	-0.0900546	8.72909	-0.149552	9.05614	-0.0564052	6.42893	0.00148757	7.85825	0.148623	10.5597	-0.0689477	11.7939	0.115013	11.4696	0.00103657	13.5673	-0.0307579	13.0446
0.840774	nan	0.016	0.016648	0	1.00014	0.819324	0.840774	0.839611	0.442538	0.344062	0.345293	-0.057604	8.33587	-0.0615715	7.92678	-0.0910672	7.51298	-0.0442405	8.91433	0.159191	8.44289	-0.0142665	11.8272	0.0808612	9.58274	0.00656168	13.1272	0.0154609	15.8389
0.840742	nan	0.016	0.016629	0	0.933046	0.817192	0.840742	0.839159	0.441682	0.344044	0.345284	-0.0611332	8.98548	-0.0675413	8.95658	-0.100364	9.81527	0.0139492	10.0948	0.231944	10.2753	-0.0030659	13.1388	0.0578846	9.88994	-0.0508643	12.0041	0.00434452	12.8078
0.840806	nan	0.016	0.0166	0	0.981494	0.817806	0.840806	0.839353	0.449223	0.343978	0.345208	-0.0116936	6.97051	-0.0319906	10.1058	-0.0965096	7.72483	0.0459309	9.42252	0.207309	11.8033	0.0131647	9.89222	0.00228071	10.5324	0.0067208	10.2923	0.0325147	14.6257
0.840871	nan	0.016	0.016593	0	0.988392	0.818775	0.840871	0.839902	0.454285	0.344018	0.345264	0.0214874	5.38	-0.0380203	9.23702	-0.0431781	8.25978	-0.0137887	8.39672	0.189784	15.9565	-0.0164652	10.5097	-0.0362241	9.83156	0.0204342	9.10407	0.00908596	13.5716
0.840871	nan	0.016	0.016593	0	0.968199	0.816288	0.840871	0.840257	0.446017	0.344038	0.345285	0.00697986	5.44675	-0.0841078	9.59002	-0.0784557	7.01352	-0.013038	10.8959	0.148051	16.9761	-0.0158851	8.61602	0.0093419	11.1844	-0.0293297	9.57195	-0.0156708	14.4729
0.840839	nan	0.016	0.016642	0	1.0117	0.819453	0.840839	0.840128	0.446061	0.344088	0.345342	-0.0446612	6.23955	-0.0592725	11.6794	-0.0483081	6.8876	-0.0239264	9.7757	0.111375	14.1314	-0.0387354	10.1447	-0.0371386	9.35798	-0.125144	10.5013	-0.0088635	13.2531
0.840936	nan	0.02	0.016612	0	0.959818	0.818194	0.840936	0.840225	0.446972	0.344031	0.345266	-0.0277402	9.32109	-0.0474574	12.1184	-0.0505745	7.96315	0.06879	9.12509	0.106745	16.0328	-0.0646536	9.95495	0.00999661	8.91488	-0.056254	11.6886	0.000842621	14.4349
0.840612	nan	0.016	0.016979	0	0.945633	0.81674	0.840612	0.840289	0.455853	0.344099	0.345351	-0.00586812	9.48709	-0.0292511	12.4918	-0.0730136	6.79334	0.0972412	8.78318	0.0733729	16.0686	0.0142179	8.30428	0.00995882	9.09107	-0.0504751	11.8788	-0.0101193	11.4361
0.840936	nan	0.016	0.016718	0	1.00914	0.82417	0.840936	0.840419	0.439319	0.344026	0.345272	-0.0280196	10.1271	-0.0212548	12.2835	-0.0752712	8.52546	0.0530211	9.58776	0.0729486	13.247	0.00644482	8.75803	-0.040791	7.5788	-0.0190023	17.0447	-0.0347985	10.7211
0.840871	nan	0.02	0.016592	0	0.892141	0.821747	0.840871	0.840322	0.458017	0.344021	0.345261	-0.00724062	10.5396	0.0102918	12.4438	-0.0793681	7.99074	0.0754832	8.92452	0.10031	16.1986	-0.00960354	9.41926	-0.0528437	9.92245	0.00989825	15.4781	-0.0664645	12.3947
0.840936	nan	0.016	0.016591	0	0.996963	0.818614	0.840936	0.840419	0.457979	0.34409	0.345347	-0.0448352	9.02682	0.0145719	16.4643	-0.052921	7.90789	-0.0280448	12.2814	0.125243	15.7055	0.0621304	11.7517	-0.062548	9.37038	-0.00774768	17.4651	-0.012567	9.38009
0.841323	nan	0.016	0.016582	0	0.882299	0.821069	0.841323	0.840936	0.45056	0.344098	0.345365	-0.055003	8.91503	0.00244287	19.0867	-0.0807161	7.4459	-0.0203051	14.9557	0.123835	19.46	0.055381	13.3939	0.0104776	8.24104	-0.0299427	13.7651	-0.0359143	9.33517
0.841743	nan	0.02	0.016748	0	0.966273	0.817709	0.841743	0.841162	0.470196	0.344165	0.345448	-0.0320524	7.72727	0.000515269	16.8769	-0.148983	9.31184	-0.0267113	14.8695	0.098392	21.1074	0.0714957	10.6805	-0.0217252	9.12711	-0.0434775	13.6396	-0.10528	10.0177
0.841323	nan	0.016	0.016817	0	0.885427	0.813154	0.841323	0.840839	0.491706	0.344261	0.345561	-0.13259	4.99683	-0.0249385	23.0566	-0.121099	7.33999	0.0155179	14.6062	0.127616	15.1007	0.015705	10.7378	0.0310167	7.57595	-0.0424095	12.0844	0.00117932	8.46364
0.84142	nan	0.016	0.016994	0	0.919086	0.813445	0.84142	0.841032	0.478627	0.344326	0.34564	-0.120184	6.35846	0.0112065	17.7614	-0.129167	6.99554	0.00154538	14.8222	0.120112	15.6348	0.0276043	11.2586	0.0543433	10.3405	-0.0427346	11.5755	-0.0661922	9.96763
0.841097	nan	0.016	0.017033	0	0.931654	0.817677	0.841097	0.840742	0.47327	0.3444	0.34573	-0.144861	5.98973	-0.0107077	18.1088	-0.0884265	7.18272	0.0736467	15.1618	0.123802	14.9454	-0.0312147	10.8207	0.00463977	9.13984	-0.0153697	15.1884	-0.000110784	7.68341
0.841452	nan	0.016	0.016817	0	0.948552	0.818355	0.841452	0.840936	0.466853	0.344463	0.345802	-0.128341	6.46264	-0.0225438	18.7664	-0.0772461	8.1735	0.0208932	15.4763	0.185298	14.3369	-0.016942	9.10389	-0.00303807	13.3987	-0.00270662	14.0611	0.00476724	8.41248
0.841032	nan	0.016	0.016766	0	0.925064	0.817515	0.841032	0.840806	0.459477	0.34445	0.34578	-0.0478237	5.53137	-0.0069807	23.7771	-0.0195578	9.44146	0.0398184	14.1803	0.194995	11.5708	-0.0250624	12.8193	0.0166386	11.1336	-0.0489574	13.235	0.0343858	11.2513
0.840774	nan	0.016	0.016781	0	1.01173	0.815738	0.840774	0.840612	0.453771	0.344413	0.345731	-0.047274	8.92008	-0.0187448	22.7258	-0.0147549	7.24107	0.0471521	10.8272	0.13333	11.1442	-0.00239037	12.8013	0.0292705	11.1075	-0.0738935	13.8083	0.0315006	12.6487
0.841	nan	0.016	0.016782	0	0.992397	0.820067	0.841	0.840645	0.444016	0.344349	0.345658	-0.0650002	6.88847	-0.0170844	17.543	-0.0766001	7.69244	-0.0234357	11.3279	0.0901714	13.373	0.0182947	14.8626	-0.0150909	12.1235	-0.0475691	15.2565	0.0262616	9.69127
0.840774	nan	0.02	0.016757	0	1.00675	0.820067	0.840774	0.840193	0.45672	0.344323	0.345626	-0.114844	6.67105	-0.00168214	15.8263	-0.0977673	7.68705	-0.015332	10.3162	0.120334	15.3033	0.0383258	17.853	-0.0262476	17.2523	-0.0563211	14.6369	0.036839	7.37131
0.840645	nan	0.016	0.016737	0	0.986364	0.815222	0.840645	0.840096	0.471378	0.344298	0.345591	-0.0880881	5.24522	0.0125158	10.8021	-0.0197185	6.58608	0.0264619	10.9468	0.138923	13.6468	-0.0303582	15.3525	0.0142918	18.5088	-0.0217913	13.489	-0.00027646	8.96071
0.841	nan	0.016	0.016579	0	0.957617	0.815383	0.841	0.840128	0.45394	0.344253	0.345531	-0.112788	6.97195	0.0228189	11.8155	-0.00372002	7.62426	0.0725409	11.7948	0.0818908	12.0271	-0.0243682	14.4078	-0.0158318	13.1628	-0.0318735	13.728	-0.00688223	7.4203
0.840839	nan	0.016	0.016598	0	0.96807	0.814899	0.840839	0.840289	0.456099	0.3442	0.34547	-0.0888117	8.21683	-0.0265753	12.9877	-0.063788	8.30581	0.0534436	11.3021	0.107133	10.2307	0.0296966	12.2888	-0.0448454	15.5942	-0.0466358	13.5772	-0.0202585	6.94071
0.840774	nan	0.016	0.016606	0	0.976337	0.821553	0.840774	0.840096	0.438732	0.344101	0.345358	-0.0712589	7.53326	0.00387404	14.076	-0.0318791	8.74101	0.00951744	14.1963	0.112009	12.518	-0.0104412	11.7976	-0.0177863	18.5257	-0.0449636	12.04	0.0442283	8.79427
0.840354	nan	0.016	0.016622	0	1.04669	0.815609	0.840354	0.84016	0.452027	0.344122	0.345384	-0.0217337	8.88665	0.0263421	11.2837	-0.0596806	11.7715	0.0275765	15.2301	0.110103	13.1099	0.0400505	12.2145	-0.015995	15.6458	0.0102567	15.2979	0.0503714	7.45998
0.840225	nan	0.016	0.016571	0	0.954613	0.819195	0.840225	0.840257	0.451288	0.344192	0.345465	-0.0518142	9.46698	0.0718362	12.7008	-0.019966	9.6199	0.0462722	15.8895	0.0598011	9.76886	0.0119423	14.7449	-0.0316594	15.2729	-0.0222408	17.7893	0.00418537	6.25723
0.840225	nan	0.016	0.016619	0	1.04192	0.81099	0.840225	0.839611	0.462818	0.344296	0.34558	-0.0573912	6.59434	0.0343939	14.5772	0.0201152	14.1458	0.0309617	13.058	0.0898252	11.4288	0.0115872	14.1755	0.0272068	13.486	-0.0265065	18.5354	0.0322247	7.02513
0.840128	nan	0.02	0.016612	0	1.02519	0.8117	0.840128	0.839676	0.453604	0.344362	0.345648	-0.0708065	7.44743	0.0231481	11.6391	-0.0189843	10.5575	0.0778346	13.1875	0.0964797	12.1188	-0.00304282	17.6698	0.0141245	13.2478	-0.0312509	22.4155	0.025125	8.58382
0.83974	nan	0.016	0.016591	0	1.10666	0.814576	0.83974	0.839676	0.453596	0.344436	0.345727	-0.132586	7.73816	0.0430822	18.54	0.013156	11.89	0.0407394	18.081	0.0671114	10.3423	-0.0425939	11.6392	0.0202117	16.9656	-0.0154224	16.7089	0.0485972	9.61331
0.839999	nan	0.016	0.016533	0	0.973497	0.809859	0.839999	0.839966	0.458013	0.344456	0.345739	-0.0967388	6.54992	0.0701783	13.8559	-0.0279568	10.9993	0.0315178	13.6067	0.0550615	11.4334	-0.074497	11.3821	-0.0218734	14.6137	-0.0254341	18.1238	0.00702312	6.32945
0.840031	nan	0.016	0.016729	0	0.950041	0.812993	0.840031	0.839611	0.450794	0.344471	0.345746	-0.0641442	6.90203	0.0809135	15.3344	-0.0299453	9.26235	-0.0143787	16.2799	0.0689038	11.5978	-0.0976078	10.1245	-0.0135287	13.5115	0.0175765	15.5702	0.0785973	5.71695
0.840096	nan	0.016	0.016845	0	0.928048	0.816998	0.840096	0.839869	0.440143	0.344437	0.345698	-0.0718598	7.27391	0.0656696	17.5158	-0.0387955	8.35011	0.000932555	14.9228	0.117961	14.1352	-0.0886153	15.7372	-0.00280827	19.4633	0.00355531	17.4222	0.0767244	6.33912
0.840128	nan	0.016	0.016927	0	0.953514	0.815319	0.840128	0.839869	0.436151	0.344386	0.345631	-0.0118899	8.39052	0.0278908	16.6735	-0.0778882	8.64405	-0.00364876	12.5991	0.113385	15.3212	-0.00770657	12.0747	-0.00541782	15.9387	-0.0236614	15.5404	0.0560643	8.84173
0.840386	nan	0.016	0.017116	0	0.952985	0.822296	0.840386	0.839902	0.425031	0.344247	0.345471	-0.0173155	5.92339	0.0403939	18.4726	-0.0208972	10.116	-0.00464541	12.9147	0.0868	16.1042	0.0302012	9.03838	0.0135227	17.7414	-0.0282343	15.0637	0.0945289	6.57091
0.840257	nan	0.016	0.017071	0	1.04195	0.813606	0.840257	0.840128	0.433771	0.344168	0.345378	-0.0671103	6.47361	0.0518106	17.701	-0.0311938	8.2539	-0.00827707	12.8715	0.0752174	19.4658	-0.0580206	13.6096	0.0936103	18.9877	-0.00622592	14.5047	0.0670117	7.71598
0.840063	nan	0.016	0.016838	0	0.922401	0.815222	0.840063	0.840096	0.436431	0.344121	0.34532	-0.109035	6.37094	0.0348834	17.853	-0.0402509	9.5957	-0.021288	12.4568	0.114566	15.6456	-0.0334375	12.5517	0.0710355	14.5903	-0.0220746	14.4884	0.0316961	7.81196
0.840031	nan	0.016	0.016874	0	1.00145	0.81842	0.840031	0.839902	0.441199	0.344058	0.345239	-0.0311643	3.9894	0.0508947	14.0056	-0.0321197	9.96771	-0.0185642	10.3004	0.0977142	12.6381	-0.0455531	10.1159	0.0229997	16.8252	-0.0023704	16.0533	0.0317161	5.95583
0.840063	nan	0.016	0.016931	0	1.0247	0.819227	0.840063	0.83974	0.439766	0.344052	0.34523	-0.0096471	4.68284	0.0692404	13.679	-0.0923004	13.202	-0.0614392	8.50941	0.0953937	13.2218	-0.0369787	11.8188	0.00776971	11.9163	-0.0479497	11.7863	0.0264473	6.6679
0.84016	nan	0.016	0.016921	0	1.03528	0.819033	0.84016	0.839966	0.439489	0.344022	0.3452	-0.104018	4.6437	9.63754e-05	14.8626	-0.0346845	15.0286	-0.0782557	8.95678	0.126717	17.1301	-0.0220769	11.5198	-0.0245197	16.9909	-0.0126706	10.4223	4.45821e-05	8.1468
0.840063	nan	0.016	0.017095	0	1.04006	0.816255	0.840063	0.839999	0.434589	0.344018	0.345191	-0.13777	5.59767	0.0200106	13.6523	-0.0376279	12.9681	-0.0458813	9.4747	0.121743	17.8172	-0.00685518	11.4526	0.0152829	20.1848	0.00766611	9.46084	0.0133008	10.3926
0.84016	nan	0.016	0.016822	0	1.024	0.818904	0.84016	0.839999	0.431221	0.343961	0.345124	-0.122948	5.82119	0.0134353	13.2317	-0.0743765	15.6398	-0.0207709	9.17075	0.134863	16.4231	0.0066118	10.974	0.0416326	19.9937	-0.0335964	8.51415	0.0365315	11.081
0.840322	nan	0.016	0.016763	0	1.07665	0.821715	0.840322	0.84016	0.420431	0.343911	0.345065	-0.1089	5.7944	-0.00160855	13.6672	-0.102123	14.807	-0.048475	10.0569	0.128167	17.1068	0.0293756	12.4589	0.017273	16.5986	-0.0167918	12.3288	0.0284255	12.6644
0.840419	nan	0.016	0.016838	0	1.01252	0.824493	0.840419	0.840128	0.417318	0.343801	0.344934	-0.171193	4.67133	0.022079	13.8116	-0.0666236	12.998	-0.0472789	9.45829	0.171738	14.2292	-0.0254301	11.6246	0.014319	14.2266	-0.00459303	18.3782	-0.00633314	9.84489
0.840419	nan	0.016	0.016703	0	0.852561	0.818872	0.840419	0.839869	0.432384	0.343753	0.344877	-0.0657841	4.36558	-0.0320017	13.0641	-0.0528056	17.2683	-0.0414888	9.25503	0.13355	16.4256	-0.0360295	10.3008	0.0338549	12.9476	0.02591	21.5109	-0.0365843	9.57036
0.840322	nan	0.02	0.016673	0	0.890011	0.824299	0.840322	0.839902	0.428072	0.343719	0.344839	-0.0353321	6.35823	0.0137142	11.1224	-0.0302461	17.7011	-0.117193	8.38918	0.150495	17.4389	-0.0222488	11.0139	0.026015	13.2303	-0.0569663	14.4627	-0.0784593	9.52699
0.840322	nan	0.016	0.01662	0	0.962537	0.821747	0.840322	0.839966	0.448787	0.343681	0.344794	-0.00723088	7.01178	0.0675114	13.0659	-0.0398484	17.7857	-0.0716372	8.95449	0.100663	13.0686	-0.047326	8.24012	0.0556805	10.0209	-0.0569934	17.7902	-0.0137365	10.3832
0.840096	nan	0.016	0.016593	0	1.05603	0.819776	0.840096	0.839966	0.430386	0.34364	0.344748	-0.0480291	6.78922	0.0901321	10.4217	-0.0436848	22.8516	0.00912028	11.6435	0.0512998	13.8301	-0.0190842	10.6476	0.00938955	9.5351	-0.039596	20.1797	0.083621	10.5953
0.840257	nan	0.02	0.01662	0	1.02953	0.82249	0.840257	0.839837	0.430713	0.343631	0.344737	-0.0478203	9.53138	0.055444	11.6749	-0.0597692	22.5307	-0.0318438	9.40155	0.114401	14.2798	-0.0367926	11.4155	-0.00630274	8.68857	-0.043761	21.1651	0.118708	8.51906
0.840322	nan	0.016	0.016623	0	0.949261	0.820584	0.840322	0.839869	0.444019	0.343628	0.344733	-0.0340251	7.63352	0.0364617	12.5664	-0.0677107	19.3989	0.0212678	8.4964	0.0872516	12.8753	-0.0207474	14.6895	-0.00743399	15.2338	-0.0144714	20.2178	0.125549	10.1661
0.840289	nan	0.016	0.016612	0	0.989636	0.816062	0.840289	0.839869	0.463368	0.343635	0.344735	-0.0863651	9.51911	-0.00160219	15.0214	-0.066222	17.8446	-0.0262486	7.33811	0.064447	9.52333	0.0242782	15.341	0.0400016	13.7806	-0.00477026	14.8081	0.0898553	10.6618
0.840289	nan	0.016	0.016589	0	0.924478	0.815286	0.840289	0.839869	0.466907	0.343631	0.344726	-0.0805971	11.8208	0.0501475	12.5565	-0.0267298	18.859	-0.147294	11.8147	0.059546	12.1077	-0.0258148	13.3953	0.0353214	12.5379	-0.0257616	14.8736	0.0896932	10.4481
0.840225	nan	0.016	0.016623	0	0.992997	0.812896	0.840225	0.839773	0.472869	0.343674	0.344763	-0.0924446	8.00547	0.088626	9.81445	-0.0190169	18.2992	-0.0232537	8.53251	0.0342906	10.8748	-0.03688	13.7876	-0.0440386	12.7314	-0.0660676	13.9036	0.070154	9.81719
0.839902	nan	0.016	0.016627	0	0.95475	0.814382	0.839902	0.839773	0.470422	0.343683	0.344763	-0.131353	7.12474	0.0590698	10.7419	-0.0258573	17.2339	-0.060644	6.8468	0.0387407	9.17162	-0.0519451	14.3028	0.00172503	14.888	-0.0879919	14.3262	-0.0514196	10.6964
0.839869	nan	0.016	0.016715	0	1.01742	0.809019	0.839869	0.839579	0.475332	0.343735	0.344809	-0.152504	7.73706	0.0614399	10.8551	-0.0227822	19.9066	-0.0406842	9.17676	0.12999	10.4183	-0.0630911	11.3339	-0.0256323	14.746	-0.0541121	18.0347	-0.0447161	9.4201
0.839837	nan	0.016	0.016621	0	0.877872	0.8065	0.839837	0.839514	0.493075	0.343822	0.344893	-0.153725	8.77997	0.0271531	9.89657	0.00356679	15.814	-0.138029	8.41551	0.0967321	11.7259	-0.0246371	14.5809	-0.0667549	15.0929	-0.0203926	13.8312	0.00125369	10.4729
0.839773	nan	0.016	0.016629	0	0.914814	0.809472	0.839773	0.839579	0.489193	0.343929	0.345004	-0.0643786	6.64891	0.0185671	8.9717	0.00655824	18.585	-0.125994	7.098	0.0784858	12.081	-0.0363776	17.7365	-0.0594736	16.5011	-0.000478735	15.5838	0.00940648	9.92443
0.839676	nan	0.016	0.016632	0	0.997877	0.808793	0.839676	0.839482	0.491758	0.344027	0.345105	-0.139067	7.1197	0.0538652	10.2328	-0.00778013	20.3897	-0.187741	7.3454	0.0642889	14.0253	-0.0270962	16.7629	-0.0174477	12.7283	0.00710791	15.2547	-0.0505822	13.5455
0.839579	nan	0.016	0.016733	0	0.884434	0.813477	0.839579	0.839482	0.459093	0.344077	0.345154	-0.105417	7.66849	0.0430374	6.02469	-0.020726	19.6063	-0.169185	7.16553	0.0752953	11.2958	-0.0159532	14.2042	0.0163323	11.7965	-0.0312293	13.3012	-0.00159402	14.7316
0.839579	nan	0.02	0.01683	0	0.924023	0.815868	0.839579	0.839288	0.450075	0.34409	0.345159	-0.114589	6.24675	0.048898	7.45354	-0.0542493	21.6932	-0.160378	9.36671	0.0541273	12.0203	-0.0182088	15.3237	-0.0363185	9.75992	-0.0138217	15.5004	-0.0472315	12.0625
0.839643	nan	0.016	0.01685	0	0.92578	0.807469	0.839643	0.839127	0.472678	0.344171	0.345238	-0.0964314	5.83601	0.0605694	7.37683	-0.0678954	23.519	-0.141364	8.9084	0.112702	10.8699	0.0316137	16.671	0.00311579	11.867	-0.046485	18.8735	-0.020281	11.3674
0.839676	nan	0.016	0.017047	0	0.915414	0.810731	0.839676	0.839191	0.486079	0.344217	0.34528	-0.0376015	6.88528	0.0966585	8.03959	-0.0651909	22.4733	-0.130428	11.8114	0.0892827	10.2506	0.0257449	15.2302	0.0104887	13.7595	-0.0417122	16.1108	-0.0605832	11.2915
0.839417	nan	0.02	0.017104	0	1.0023	0.812282	0.839417	0.839159	0.4727	0.344257	0.345315	-0.148376	4.23487	0.0826267	6.85763	-0.0460582	12.4314	-0.144559	9.03458	0.125377	12.9343	0.0255558	14.5241	0.0690925	10.8376	-0.0188667	11.834	-0.0205686	7.54464
0.839353	nan	0.016	0.016807	0	1.05626	0.812702	0.839353	0.839094	0.472395	0.34428	0.345333	-0.0926565	6.0844	-0.0344196	5.74226	-0.103257	12.4436	-0.0995264	11.2047	0.114203	10.7585	-0.000204202	16.9968	0.00783156	9.66754	-0.0353667	15.3325	0.00613196	9.46092
0.839191	nan	0.016	0.016829	0	0.938117	0.814769	0.839191	0.839062	0.471225	0.34431	0.345361	-0.0773988	4.15602	0.033008	6.81057	-0.0561232	14.5736	-0.068613	13.6537	0.115932	8.99626	0.0353972	13.9731	0.0119696	11.9187	0.0271332	11.6083	0.000263655	8.46427
0.839062	nan	0.016	0.016731	0	1.03693	0.816126	0.839062	0.839159	0.469777	0.344362	0.345415	-0.0885851	5.02911	0.0368483	8.08753	-0.031662	12.2947	-0.0415613	14.3474	0.0912734	11.9782	0.0221456	12.6625	0.00894988	10.9032	-0.0112505	12.8252	-0.00328416	8.25813
0.839353	nan	0.016	0.016818	0	0.977108	0.815803	0.839353	0.838836	0.471732	0.344414	0.34547	-0.0785912	5.92682	0.074614	13.0481	-0.0390938	11.4644	-0.0455013	18.0025	0.0498457	14.3672	0.0417337	11.5808	-0.0305299	12.99	0.0195314	10.3486	0.056422	7.9414
0.839546	nan	0.016	0.01675	0	0.972286	0.821133	0.839546	0.839191	0.455383	0.344421	0.345476	-0.116466	6.87711	0.0708971	13.3832	-0.0471067	12.8667	-0.00456063	17.2325	0.0492383	8.41945	0.038446	13.0785	-0.0381781	10.398	0.0468832	10.0717	0.00571731	10.8761
0.839482	nan	0.016	0.016796	0	0.957326	0.815577	0.839482	0.839191	0.47596	0.344443	0.345496	-0.1402	6.36055	0.0586591	14.1721	-0.0440049	11.2021	-0.0246428	17.3044	0.0602967	6.53544	0.0405473	9.37596	0.024663	11.44	-0.0205694	10.1415	0.0189472	10.7935
0.83932	nan	0.016	0.016638	0	0.96931	0.81758	0.83932	0.839062	0.465294	0.344438	0.345487	-0.150095	6.66137	0.0948308	15.2282	-0.0179787	9.09574	-0.075877	13.8148	0.0755319	7.81249	0.0403015	9.48209	0.000578674	13.5431	-0.0150321	11.843	-0.0306307	13.3903
0.83945	nan	0.016	0.016589	0	0.918448	0.819033	0.83945	0.83903	0.473914	0.344437	0.345485	-0.157022	6.87385	0.0722687	16.2339	-0.00468608	11.4353	-0.039385	15.3443	0.0963758	6.67688	0.0205278	10.0733	0.00385303	11.9029	-0.00279304	12.9	-0.010102	13.5015
0.839385	nan	0.016	0.016661	0	0.992537	0.816029	0.839385	0.838965	0.465252	0.344466	0.345513	-0.186299	5.69879	0.0890671	19.7383	-0.0401134	10.125	-0.0586697	16.0446	0.0719761	8.7282	0.0320816	9.93047	-0.0260044	12.3856	-0.049005	12.2183	0.00184597	12.3569
0.83945	nan	0.016	0.016632	0	0.927126	0.82333	0.83945	0.8389	0.452058	0.344398	0.345438	-0.197433	5.93422	0.103138	19.4351	-0.0369173	15.9271	-0.0697063	12.571	0.052111	9.53896	0.0030231	11.9099	-0.0435286	10.1897	-0.0461347	13.5764	0.00874867	10.5394
0.839514	nan	0.02	0.016718	0	0.90825	0.819292	0.839514	0.83903	0.468342	0.344328	0.345356	-0.222316	5.0767	0.0689079	11.1681	-0.0787002	12.4078	-0.00877648	11.3934	0.0627931	10.8033	-0.0295068	8.21067	-0.0601459	10.4951	-0.0385782	16.0373	0.0402523	10.9227
0.839546	nan	0.016	0.016629	0	1.01588	0.82081	0.839546	0.839127	0.459361	0.344261	0.345272	-0.250721	5.32036	0.0359965	10.9146	-0.108711	17.5687	-0.0401357	16.0529	0.0851334	10.2092	-0.063835	9.28513	-0.0261675	9.09789	-0.0340248	13.9045	0.0507485	11.1524
0.839676	nan	0.016	0.016656	0	0.999915	0.817838	0.839676	0.839094	0.457698	0.34424	0.345238	-0.215504	4.83416	0.0539251	10.5783	-0.151702	18.0455	-0.0505218	18.6354	0.0806095	10.7012	0.00261025	10.0955	-0.0518052	10.1781	-0.027069	9.1861	0.0260826	10.2025
0.839546	nan	0.016	0.016655	0	0.920188	0.819033	0.839546	0.838997	0.454038	0.344211	0.345202	-0.177936	5.45132	0.0650048	15.8748	-0.118662	12.9416	-0.0513562	13.9759	0.0629263	9.47551	0.0230462	10.4715	-0.0251181	10.3732	-0.0327348	9.45268	0.0109745	8.19941
0.839643	nan	0.016	0.016579	0	1.06346	0.81913	0.839643	0.83903	0.45068	0.344199	0.345185	-0.194217	5.58885	0.0740044	9.35734	-0.111708	14.8609	-0.0286958	14.9751	0.0116076	11.0012	-0.0196908	10.0181	-0.0502239	12.42	-0.0856381	11.363	0.0607211	10.0688
0.839385	nan	0.016	0.016563	0	0.991636	0.817418	0.839385	0.839062	0.455407	0.344155	0.345135	-0.178945	6.30941	0.0885356	11.3998	-0.12833	16.2643	-0.00564341	13.9797	0.0756064	13.5676	0.0221497	12.7866	-0.0396663	12.7577	-0.135187	10.2377	0.0400275	8.21443
0.839676	nan	0.016	0.016637	0	0.96574	0.81674	0.839676	0.839094	0.466208	0.344158	0.345137	-0.189301	6.55814	0.0304146	11.0756	-0.0887192	16.6295	-0.0462688	18.5081	0.055587	13.8011	0.00829587	17.0336	-0.0856015	13.1462	-0.0742859	11.2722	0.12993	7.37785
0.839934	nan	0.016	0.016761	1	0.975464	0.820261	0.839934	0.839127	0.459622	0.344142	0.34512	-0.112445	6.61358	0.0303709	11.5441	-0.111797	16.3354	-0.0459976	21.3607	0.0446714	11.571	-0.0108358	13.8352	-0.0743351	14.0574	-0.105844	11.249	0.0395246	8.16682
0.839611	nan	0.02	0.016812	0	0.882525	0.81422	0.839611	0.839417	0.485071	0.344142	0.345117	-0.143188	6.06494	0.0616792	13.57	-0.093343	14.9015	-0.071632	20.1432	0.0653097	10.3411	0.0220486	15.7121	-0.0470927	11.5648	-0.0601753	8.09017	0.0928302	6.74612
0.83932	nan	0.016	0.01682	0	1.05568	0.813057	0.83932	0.838965	0.484706	0.344135	0.345107	-0.134711	4.78276	0.082446	8.952	-0.125509	13.6984	-0.0582716	19.0267	0.0694034	10.0087	0.00808561	12.1037	-0.0580755	10.6691	-0.0552418	10.3911	0.0259193	7.67081
0.839385	nan	0.016	0.017023	0	0.899451	0.815319	0.839385	0.839094	0.466378	0.344144	0.345116	-0.148343	6.97305	0.105028	9.47278	-0.0531798	11.6005	-0.0512554	19.0584	0.0952423	8.4887	0.0586416	8.34547	-0.0175245	8.90001	-0.0457787	10.5403	0.0130565	8.33738
0.839353	nan	0.02	0.017129	0	0.907418	0.823879	0.839353	0.838836	0.443388	0.344104	0.345073	-0.122682	7.85813	0.082516	8.06811	-0.0815787	10.9019	-0.0759351	18.7854	0.0525294	9.27935	0.12604	10.8174	-0.00457383	11.4436	0.00192184	13.863	0.00546251	9.8298
0.839579	nan	0.016	0.016748	0	0.979656	0.821779	0.839579	0.83903	0.445913	0.344093	0.345062	-0.0824371	8.88609	0.108066	9.25906	-0.121738	13.0979	-0.0739163	21.5849	0.0408051	7.20991	0.0449601	12.8824	-0.0210803	10.0469	-0.00504774	11.8209	0.0267001	11.4371
0.839869	nan	0.016	0.0168	0	1.00892	0.821844	0.839869	0.839353	0.44582	0.344095	0.345063	-0.152928	6.38761	0.0912866	7.54064	-0.0136881	13.1221	-0.0451642	22.43	0.0112919	13.6733	0.00384293	12.2317	-0.00100858	7.84972	-0.00295552	9.78773	0.00676468	9.88443
0.839966	nan	0.016	0.016817	0	0.924872	0.824945	0.839966	0.839514	0.442424	0.34408	0.345048	-0.14095	7.09776	0.0672757	8.5139	-0.118157	9.8953	-0.0738801	17.3788	0.0598627	13.3958	0.00458137	13.3493	-0.0551634	11.3812	0.0650074	9.39674	-0.0363861	9.70103
0.839966	nan	0.016	0.016866	0	0.950924	0.816772	0.839966	0.839643	0.460642	0.344088	0.345055	-0.156466	7.47647	0.0620478	11.1371	-0.0921689	11.6097	-0.0734814	20.5555	0.098052	13.0817	-0.0203607	11.7793	-0.0333731	13.6822	0.0168473	11.706	0.0163357	8.63609
0.839837	nan	0.016	0.016828	0	0.910926	0.819744	0.839837	0.839546	0.459124	0.344085	0.34505	-0.0912416	7.00045	0.080442	10.5864	-0.12427	14.8123	-0.0774854	20.0807	0.114398	13.1096	-0.051216	10.7415	-0.0579078	10.6178	0.0238643	8.76432	-0.021388	10.569
0.839902	nan	0.016	0.016853	0	0.983974	0.819163	0.839902	0.839611	0.459635	0.344042	0.344999	-0.114582	6.18161	-0.00726547	10.2781	-0.113385	16.4579	-0.0752534	16.8399	0.140019	12.7078	-0.037846	12.5551	-0.0466302	11.8785	0.0282727	8.33072	0.0299566	6.72725
0.840225	nan	0.016	0.016745	0	0.888029	0.817321	0.840225	0.839708	0.468265	0.344045	0.345001	-0.122207	6.80275	0.00230132	8.74852	-0.0899893	13.3618	-0.0518509	18.4738	0.0932503	15.8825	-0.0167051	13.55	-0.0162815	10.2033	-0.0290977	10.2816	0.00949558	7.15209
0.840193	nan	0.02	0.016786	0	0.912706	0.820261	0.840193	0.839708	0.457561	0.34404	0.344994	-0.150776	8.40803	-0.0132816	9.56393	-0.151972	12.238	-0.0719208	12.5719	0.000193553	13.6338	-0.0266469	14.6641	-0.00123456	11.1306	-0.00339613	12.3644	0.021108	9.51246
0.840128	nan	0.016	0.016585	0	0.979684	0.819195	0.840128	0.839773	0.442127	0.344034	0.344987	-0.117101	6.89098	-0.0394917	11.7065	-0.125307	11.9947	-0.0952729	12.7955	0.0156952	18.4309	0.00806793	12.9315	0.0114983	7.8609	0.0133913	11.8223	0.0876067	9.33135
0.839902	nan	0.016	0.016595	0	1.05247	0.817257	0.839902	0.839579	0.446187	0.344023	0.344974	-0.0293216	5.81541	-0.00818146	13.6322	-0.137054	10.172	-0.00478026	12.5867	0.0659108	17.925	0.0424173	15.5611	-0.0291261	8.53172	0.00703317	9.7737	-0.0106839	9.80146
0.840031	nan	0.02	0.016587	0	1.02076	0.820778	0.840031	0.839643	0.440898	0.344028	0.34498	-0.160621	6.33057	0.00745628	11.3567	-0.0841491	9.86598	-0.00567931	11.8629	0.0840933	19.3531	0.0282211	16.4262	-0.0242417	8.81666	0.00789009	12.7041	0.0418382	8.59424
0.839837	nan	0.016	0.016601	0	0.98961	0.810667	0.839837	0.839514	0.454918	0.344053	0.345003	-0.0745456	5.87456	-0.0200655	9.74906	-0.186326	10.9731	-0.0188389	13.7631	0.0810958	14.0386	0.0515342	17.668	0.0185187	12.4337	0.00174848	13.2532	0.0500185	9.76301
0.839546	nan	0.016	0.016711	0	1.05791	0.817547	0.839546	0.839353	0.452134	0.34408	0.34503	-0.0296862	5.12287	-0.0157265	11.4494	-0.154395	10.7323	-0.0163144	13.5399	0.0579396	14.6942	0.0449539	18.2206	-0.0378871	10.6789	0.0178401	8.72737	0.00222231	11.3607
0.839514	nan	0.02	0.016695	0	0.942212	0.817741	0.839514	0.839579	0.461082	0.344078	0.345026	-0.056948	5.04279	0.0430958	12.5293	-0.0875865	9.76475	-0.00109223	14.2604	0.072749	13.321	0.0789508	16.4751	-0.0132469	9.30966	0.0728042	8.33612	0.028438	11.1859
0.839514	nan	0.016	0.016598	0	0.933926	0.819712	0.839514	0.83974	0.46716	0.344099	0.34505	-0.0184609	4.97489	0.039664	13.0866	-0.0880736	12.5245	-0.000292658	18.7538	0.0559701	16.3124	0.0684141	13.1392	-0.035752	12.7562	0.0273443	8.64184	-0.00828186	8.65888
0.839546	nan	0.016	0.016614	0	1.0071	0.818646	0.839546	0.839805	0.467343	0.344149	0.345104	-0.10148	5.47809	0.0161272	11.5354	-0.134498	10.7375	-0.0124876	16.78	0.0836602	14.7608	0.0273912	13.6814	-0.0199238	11.0373	0.0946298	9.99218	0.00218599	10.1494
0.83974	nan	0.02	0.016676	0	0.987519	0.822328	0.83974	0.839805	0.459774	0.344164	0.345123	-0.0726805	4.68148	-0.0220536	10.1951	-0.131859	11.3403	-0.00734903	15.3072	0.0799682	16.7816	0.0707791	13.6711	-0.00355335	11.2947	-0.0182124	11.0468	-0.0180639	10.4311
0.83974	nan	0.016	0.01658	0	0.957541	0.820067	0.83974	0.839869	0.478757	0.344178	0.345138	-0.0847167	6.1696	0.0275696	8.47069	-0.137486	13.0085	-0.0631291	19.1498	0.0457907	17.8752	0.0318116	15.4694	-0.0198179	13.6226	0.00115279	15.3444	0.0182571	10.1802
0.839902	nan	0.016	0.016622	0	0.934017	0.820519	0.839902	0.839869	0.471696	0.344205	0.345167	-0.0473145	5.01672	0.0928179	9.54467	-0.141249	17.5288	0.000125606	16.2212	0.0184061	12.355	0.0221941	12.3682	-0.0319223	12.8241	-0.024164	12.1622	0.0715474	12.7747
0.839837	nan	0.016	0.016634	0	0.920774	0.820778	0.839837	0.839708	0.467523	0.34424	0.345203	-0.109407	4.48983	-0.0211987	7.89863	-0.158629	14.0088	-0.0348663	14.1864	-0.0098055	14.2937	-0.00204228	13.0143	-0.0284665	15.4203	0.00751006	12.8287	0.0425728	10.9444
0.83974	nan	0.016	0.016806	0	0.951333	0.820972	0.83974	0.83974	0.474207	0.344284	0.34525	-0.104856	6.26937	-0.0127648	8.53146	-0.141382	14.2768	0.0168476	21.8667	0.0339804	15.031	-0.0372417	12.8026	-0.0342854	12.9678	-0.0037494	14.3862	0.0569359	10.6687
0.839773	nan	0.016	0.017025	0	0.953897	0.818032	0.839773	0.839514	0.478932	0.344335	0.345304	-0.120066	6.28659	-0.0435347	11.0595	-0.117864	12.5745	0.0414343	18.8712	0.0392509	13.2226	-0.0473587	12.3354	0.00603064	6.89838	-0.020494	14.2284	0.0653506	14.2466
0.839902	nan	0.02	0.016913	0	1.09487	0.818064	0.839902	0.83945	0.482228	0.344381	0.345353	-0.108769	8.23986	-0.0449165	9.23439	-0.122051	9.27048	0.0180039	18.254	0.0698616	15.8539	-0.00756713	12.0198	0.0455894	7.9751	-0.0729902	11.8354	0.0239428	11.1122
0.840128	nan	0.016	0.017045	0	0.98977	0.817483	0.840128	0.839514	0.486399	0.344398	0.345369	-0.134028	6.35832	-0.0305254	13.873	-0.0999055	12.242	-0.00083682	18.8863	0.0961395	19.0131	-0.0456856	8.74581	-0.0164177	8.16085	-0.0418022	8.2114	0.0180054	11.5975
0.839934	nan	0.016	0.017099	0	0.953885	0.815189	0.839934	0.839482	0.480857	0.344449	0.345422	-0.0802846	7.95922	-0.00104999	12.5691	-0.0778416	12.0043	-0.0446248	19.8348	-0.00231726	17.1918	0.013252	7.54682	0.0145727	9.54075	-0.100928	7.40777	0.0641331	14.3107
0.840063	nan	0.02	0.016796	0	1.08603	0.816352	0.840063	0.839482	0.481198	0.344489	0.345463	-0.0690659	7.93217	0.0243649	12.0265	-0.066694	14.4351	-0.0405718	11.9909	0.0699305	17.5424	0.0275581	10.1233	-0.00624533	9.3289	-0.0910431	8.74619	0.0231922	16.9142
0.840289	nan	0.016	0.016897	0	0.944818	0.815674	0.840289	0.839546	0.477451	0.344531	0.345508	-0.0502208	6.9357	0.028906	11.3166	-0.0274587	13.6078	0.0328043	15.5085	0.0748697	15.1089	0.000596215	9.0229	-0.0187637	10.8842	-0.142917	8.72522	0.00438254	19.9242
0.840193	nan	0.016	0.016755	0	0.93914	0.816546	0.840193	0.839288	0.488835	0.344561	0.345539	-0.0695539	6.10243	0.0446273	10.1844	-0.0316655	10.5971	-0.0175522	19.9764	0.142148	11.2367	-0.0202447	6.9041	-0.0286203	12.8347	-0.110922	7.6535	0.0043602	14.9396
0.839837	nan	0.02	0.016903	1	0.983116	0.813639	0.839837	0.839417	0.494841	0.34461	0.345591	-0.100917	5.372	0.0527405	13.6735	-0.048088	12.6139	-0.0135877	20.5353	0.136544	13.6317	0.072737	8.26792	0.0361443	12.4228	-0.103562	6.65276	-0.048043	16.8455
0.839934	nan	0.016	0.016806	0	0.985005	0.815512	0.839934	0.839482	0.500297	0.344672	0.345655	-0.105789	6.69482	-0.0434427	7.84968	-0.0554676	10.9378	-0.0253448	14.0367	0.0674592	13.1045	0.0710962	9.72771	-0.0241742	11.7996	-0.0674139	7.30728	-0.0269061	17.6205
0.840031	nan	0.016	0.016778	0	0.976326	0.815448	0.840031	0.839579	0.475346	0.344729	0.345715	-0.107486	7.74584	-0.0127242	8.60819	-0.0801572	11.4602	-0.0312401	14.4396	0.100792	18.4212	-0.0165592	10.6894	-0.0467109	10.8241	-0.0141356	7.13985	0.0319564	14.7376
0.839837	nan	0.016	0.016794	0	0.884773	0.811765	0.839837	0.839546	0.476308	0.34477	0.345754	-0.0231638	7.77645	0.0128132	8.42919	-0.121541	9.90175	0.0395512	14.4534	0.0900076	19.659	0.0470979	10.8722	-0.030946	11.3377	0.0694202	5.85841	0.0478182	15.1508
0.839805	nan	0.016	0.016798	0	1.04266	0.812799	0.839805	0.839708	0.477873	0.344805	0.345787	-0.0672361	6.94396	-0.047917	7.81489	-0.134047	9.89457	-0.00395332	13.6782	0.0926421	11.482	0.0730582	9.8604	0.0246514	9.11585	-0.0306327	4.8197	0.0267843	17.9975
0.839708	nan	0.02	0.016807	0	0.986127	0.810182	0.839708	0.839708	0.504429	0.344861	0.345842	-0.0725198	7.30781	0.0402717	7.8382	-0.123508	10.9851	-0.00164474	9.5524	0.0927818	15.3275	-0.00799126	9.11585	-0.118886	10.8415	0.0399326	5.27431	0.0671791	14.452
0.839773	nan	0.016	0.016867	0	0.951625	0.81464	0.839773	0.839708	0.496901	0.344919	0.345901	-0.11182	7.51955	0.0147774	10.0979	-0.171078	9.43402	0.0131525	9.73153	0.101746	15.7329	0.0790654	9.13432	-0.0404215	10.4652	-0.0317905	7.30167	0.0866567	13.7812
0.839869	nan	0.016	0.01671	0	0.935646	0.813445	0.839869	0.839773	0.50334	0.344961	0.34594	-0.190081	7.1912	-0.011266	9.20834	-0.130621	9.14479	-0.0223573	10.9245	0.0471989	11.6381	0.0403579	10.0123	-0.0397496	10.2442	-0.0409069	5.91922	0.0803431	13.0519
0.83974	nan	0.02	0.01678	0	0.877609	0.817838	0.83974	0.839643	0.492807	0.344978	0.345955	-0.149985	6.27053	0.000318976	10.4854	-0.114744	11.2966	0.0662372	9.55975	0.0338804	11.5432	0.0112872	9.99396	-0.0126456	12.8714	-0.0231115	8.29628	0.094519	14.8883
0.839773	nan	0.016	0.01658	0	0.923504	0.815383	0.839773	0.83945	0.491417	0.344998	0.345972	-0.144615	5.94475	0.00623283	8.57934	-0.0520619	11.1526	-0.0546849	8.64516	0.0249795	11.3205	-0.0137411	10.4198	-0.0522076	12.9304	-0.0480195	6.91905	0.0578834	16.3285
0.83974	nan	0.016	0.01659	0	0.898625	0.813186	0.83974	0.839353	0.494562	0.345015	0.345987	-0.1397	4.77729	-0.0331938	8.71363	-0.0525482	10.2524	-0.0658375	8.12055	0.034856	11.3943	0.0433581	10.6101	-0.0212638	16.3588	-0.0230801	6.34611	0.0489414	18.3356
0.839708	nan	0.02	0.016576	0	1.04233	0.807404	0.839708	0.83945	0.512085	0.345085	0.346057	-0.199525	4.03146	-0.00588976	11.7006	-0.0656628	9.77604	-0.0404535	8.51603	0.102017	11.1179	-0.00440188	9.82114	0.0353689	13.6267	-0.00933908	7.33635	0.0425181	15.4686
0.839902	nan	0.016	0.016617	0	1.02747	0.808309	0.839902	0.839482	0.499283	0.345143	0.346113	-0.245198	4.34574	-0.017815	9.1718	-0.133343	12.0831	-0.00368059	6.69451	0.0659805	11.1896	0.0358183	8.8316	0.00360015	9.28355	-0.053241	6.4941	0.0571232	18.7972
0.839869	nan	0.016	0.016573	0	1.01005	0.810505	0.839869	0.839288	0.502421	0.345195	0.346165	-0.173095	4.26927	-0.0697087	11.4583	-0.13333	12.4392	0.0038421	5.91881	0.0454092	15.7848	-0.0419012	8.96921	-0.0111293	10.9336	-0.0277601	7.84223	0.0473046	16.4458
0.839514	nan	0.02	0.016588	0	0.992685	0.808179	0.839514	0.839482	0.51262	0.345249	0.346218	-0.164365	5.08659	-0.0848862	9.75017	-0.121237	12.0644	0.0167972	7.09423	0.110091	16.2872	-0.0459147	10.2886	-0.0149426	12.6273	-0.104007	5.31785	0.0749668	13.3023
0.839353	nan	0.016	0.016592	0	1.00833	0.807501	0.839353	0.839256	0.526985	0.345298	0.346269	-0.2566	3.95265	-0.0528818	8.98763	-0.107426	9.98786	0.0841261	7.67032	0.0773611	13.4375	-0.00654288	10.7142	-0.0445094	12.2302	-0.105233	6.74172	0.0203613	17.902
0.839546	nan	0.016	0.016637	0	0.966238	0.812476	0.839546	0.839256	0.511101	0.345357	0.346329	-0.134321	4.74357	-0.0421246	7.85173	-0.0601807	9.6735	0.120984	8.17601	0.0785358	12.0271	0.0323105	9.38806	-0.0498523	13.1903	-0.0537579	6.3958	0.00897948	12.4536
0.839708	nan	0.016	0.016606	0	1.01528	0.813057	0.839708	0.839353	0.498036	0.345409	0.346383	-0.212865	4.45538	-0.0282958	8.21578	-0.0615365	8.19793	-0.00982025	7.09254	0.0710004	14.8523	0.0468988	11.1266	0.00871398	18.8734	-0.0923357	6.9486	-0.000268999	11.9104
0.839546	nan	0.016	0.016665	0	0.939163	0.813865	0.839546	0.83932	0.497777	0.345454	0.34643	-0.115032	3.67763	-0.0863609	8.28909	-0.147546	9.02351	0.0112341	7.51946	0.113591	14.3971	-0.0483324	10.0731	0.049608	20.8602	-0.0208498	6.93343	-0.0331129	13.8652
0.839708	nan	0.016	0.016708	0	1.02334	0.817838	0.839708	0.839353	0.502732	0.345474	0.346449	-0.081335	4.77534	-0.0296555	9.18273	-0.0841163	11.7582	-0.0263193	5.87932	0.133499	22.312	-0.0644329	10.4624	0.00196154	18.2245	-0.0431357	7.83767	-0.00690676	12.4157
0.839546	nan	0.02	0.016641	0	0.955684	0.8138	0.839546	0.839482	0.522967	0.345509	0.346484	-0.138787	6.08567	0.0154116	10.0295	-0.139284	15.7853	0.048254	5.24315	0.117326	22.5173	-0.102666	15.2954	0.0132829	14.4248	-0.0995735	6.3871	-0.0418639	14.0724
0.839514	nan	0.016	0.016723	0	0.977031	0.814317	0.839514	0.839417	0.501319	0.345536	0.346513	-0.138042	5.34097	0.0597495	7.35497	-0.160493	14.7861	0.0905084	6.55544	0.12859	14.0153	-0.111427	11.3895	0.00834423	16.4255	-0.065768	6.70097	-0.0492954	14.8574
0.839514	nan	0.016	0.016822	0	0.957748	0.815965	0.839514	0.839223	0.5098	0.345588	0.346562	-0.145085	5.29732	-0.00414142	9.68176	-0.184269	13.7566	0.0646593	7.08147	0.136676	17.3	-0.079442	10.5998	-0.00532713	17.9554	-0.0838275	7.60642	-0.0365557	15.8507
0.839611	nan	0.016	0.016912	0	0.991578	0.814511	0.839611	0.839127	0.489983	0.345624	0.346599	-0.151024	5.37572	0.0652386	8.07963	-0.170095	12.5967	0.0471949	6.19535	0.136682	21.4105	-0.0467742	9.15507	0.00703324	21.1463	-0.110881	9.88433	-0.0442318	13.1387
